[    0.000000] Initializing cgroup subsys cpuset
[    0.000000] Initializing cgroup subsys cpu
[    0.000000] Initializing cgroup subsys cpuacct
[    0.000000] Linux version 4.4.0-81-generic (buildd@lcy01-26) (gcc version 5.4.0 20160609 (Ubuntu 5.4.0-6ubuntu1~16.04.4) ) #104-Ubuntu SMP Wed Jun 14 08:15:00 UTC 2017 (Ubuntu 4.4.0-81.104-generic 4.4.67)
[    0.000000] KERNEL supported cpus:
[    0.000000]   Intel GenuineIntel
[    0.000000]   AMD AuthenticAMD
[    0.000000]   NSC Geode by NSC
[    0.000000]   Cyrix CyrixInstead
[    0.000000]   Centaur CentaurHauls
[    0.000000]   Transmeta GenuineTMx86
[    0.000000]   Transmeta TransmetaCPU
[    0.000000]   UMC UMC UMC UMC
[    0.000000] x86/fpu: xstate_offset[2]:  576, xstate_sizes[2]:  256
[    0.000000] x86/fpu: Supporting XSAVE feature 0x01: 'x87 floating point registers'
[    0.000000] x86/fpu: Supporting XSAVE feature 0x02: 'SSE registers'
[    0.000000] x86/fpu: Supporting XSAVE feature 0x04: 'AVX registers'
[    0.000000] x86/fpu: Enabled xstate features 0x7, context size is 832 bytes, using 'standard' format.
[    0.000000] x86/fpu: Using 'lazy' FPU context switches.
[    0.000000] e820: BIOS-provided physical RAM map:
[    0.000000] BIOS-e820: [mem 0x0000000000000000-0x000000000009fbff] usable
[    0.000000] BIOS-e820: [mem 0x000000000009fc00-0x000000000009ffff] reserved
[    0.000000] BIOS-e820: [mem 0x00000000000f0000-0x00000000000fffff] reserved
[    0.000000] BIOS-e820: [mem 0x0000000000100000-0x000000003ffeffff] usable
[    0.000000] BIOS-e820: [mem 0x000000003fff0000-0x000000003fffffff] ACPI data
[    0.000000] BIOS-e820: [mem 0x00000000fec00000-0x00000000fec00fff] reserved
[    0.000000] BIOS-e820: [mem 0x00000000fee00000-0x00000000fee00fff] reserved
[    0.000000] BIOS-e820: [mem 0x00000000fffc0000-0x00000000ffffffff] reserved
[    0.000000] NX (Execute Disable) protection: active
[    0.000000] SMBIOS 2.5 present.
[    0.000000] Hypervisor detected: KVM
[    0.000000] e820: last_pfn = 0x3fff0 max_arch_pfn = 0x1000000
[    0.000000] MTRR: Disabled
[    0.000000] x86/PAT: MTRRs disabled, skipping PAT initialization too.
[    0.000000] x86/PAT: Configuration [0-7]: WB  WT  UC- UC  WB  WT  UC- UC  
[    0.000000] CPU MTRRs all blank - virtualized system.
[    0.000000] found SMP MP-table at [mem 0x0009fff0-0x0009ffff] mapped at [c009fff0]
[    0.000000] Scanning 1 areas for low memory corruption
[    0.000000] RAMDISK: [mem 0x36aba000-0x37554fff]
[    0.000000] ACPI: Early table checksum verification disabled
[    0.000000] ACPI: RSDP 0x00000000000E0000 000024 (v02 VBOX  )
[    0.000000] ACPI: XSDT 0x000000003FFF0030 00003C (v01 VBOX   VBOXXSDT 00000001 ASL  00000061)
[    0.000000] ACPI: FACP 0x000000003FFF00F0 0000F4 (v04 VBOX   VBOXFACP 00000001 ASL  00000061)
[    0.000000] ACPI: DSDT 0x000000003FFF0470 0021C8 (v02 VBOX   VBOXBIOS 00000002 INTL 20100528)
[    0.000000] ACPI: FACS 0x000000003FFF0200 000040
[    0.000000] ACPI: FACS 0x000000003FFF0200 000040
[    0.000000] ACPI: APIC 0x000000003FFF0240 00005C (v02 VBOX   VBOXAPIC 00000001 ASL  00000061)
[    0.000000] ACPI: SSDT 0x000000003FFF02A0 0001CC (v01 VBOX   VBOXCPUT 00000002 INTL 20100528)
[    0.000000] 131MB HIGHMEM available.
[    0.000000] 891MB LOWMEM available.
[    0.000000]   mapped low ram: 0 - 37bfe000
[    0.000000]   low ram: 0 - 37bfe000
[    0.000000] kvm-clock: Using msrs 4b564d01 and 4b564d00
[    0.000000] kvm-clock: cpu 0, msr 0:37bfd001, primary cpu clock
[    0.000000] kvm-clock: using sched offset of 4615625712 cycles
[    0.000000] clocksource: kvm-clock: mask: 0xffffffffffffffff max_cycles: 0x1cd42e4dffb, max_idle_ns: 881590591483 ns
[    0.000000] Zone ranges:
[    0.000000]   DMA      [mem 0x0000000000001000-0x0000000000ffffff]
[    0.000000]   Normal   [mem 0x0000000001000000-0x0000000037bfdfff]
[    0.000000]   HighMem  [mem 0x0000000037bfe000-0x000000003ffeffff]
[    0.000000] Movable zone start for each node
[    0.000000] Early memory node ranges
[    0.000000]   node   0: [mem 0x0000000000001000-0x000000000009efff]
[    0.000000]   node   0: [mem 0x0000000000100000-0x000000003ffeffff]
[    0.000000] Initmem setup node 0 [mem 0x0000000000001000-0x000000003ffeffff]
[    0.000000] Using APIC driver default
[    0.000000] ACPI: PM-Timer IO Port: 0x4008
[    0.000000] IOAPIC[0]: apic_id 2, version 32, address 0xfec00000, GSI 0-23
[    0.000000] ACPI: INT_SRC_OVR (bus 0 bus_irq 0 global_irq 2 dfl dfl)
[    0.000000] ACPI: INT_SRC_OVR (bus 0 bus_irq 9 global_irq 9 high level)
[    0.000000] Using ACPI (MADT) for SMP configuration information
[    0.000000] smpboot: Allowing 2 CPUs, 0 hotplug CPUs
[    0.000000] PM: Registered nosave memory: [mem 0x00000000-0x00000fff]
[    0.000000] PM: Registered nosave memory: [mem 0x0009f000-0x0009ffff]
[    0.000000] PM: Registered nosave memory: [mem 0x000a0000-0x000effff]
[    0.000000] PM: Registered nosave memory: [mem 0x000f0000-0x000fffff]
[    0.000000] e820: [mem 0x40000000-0xfebfffff] available for PCI devices
[    0.000000] Booting paravirtualized kernel on KVM
[    0.000000] clocksource: refined-jiffies: mask: 0xffffffff max_cycles: 0xffffffff, max_idle_ns: 7645519600211568 ns
[    0.000000] setup_percpu: NR_CPUS:8 nr_cpumask_bits:8 nr_cpu_ids:2 nr_node_ids:1
[    0.000000] PERCPU: Embedded 19 pages/cpu @f76b0000 s47436 r0 d30388 u77824
[    0.000000] PV qspinlock hash table entries: 512 (order: 0, 4096 bytes)
[    0.000000] Built 1 zonelists in Zone order, mobility grouping on.  Total pages: 259800
[    0.000000] Kernel command line: BOOT_IMAGE=/boot/vmlinuz-4.4.0-81-generic root=LABEL=cloudimg-rootfs ro console=tty1 console=ttyS0
[    0.000000] PID hash table entries: 4096 (order: 2, 16384 bytes)
[    0.000000] Dentry cache hash table entries: 131072 (order: 7, 524288 bytes)
[    0.000000] Inode-cache hash table entries: 65536 (order: 6, 262144 bytes)
[    0.000000] Initializing CPU#0
[    0.000000] Initializing HighMem for node 0 (00037bfe:0003fff0)
[    0.000000] Initializing Movable for node 0 (00000000:00000000)
[    0.000000] Memory: 1012076K/1048120K available (7959K kernel code, 770K rwdata, 3164K rodata, 940K init, 800K bss, 36044K reserved, 0K cma-reserved, 135112K highmem)
[    0.000000] virtual kernel memory layout:
[    0.000000]     fixmap  : 0xfff15000 - 0xfffff000   ( 936 kB)
[    0.000000]     pkmap   : 0xffc00000 - 0xffe00000   (2048 kB)
[    0.000000]     vmalloc : 0xf83fe000 - 0xffbfe000   ( 120 MB)
[    0.000000]     lowmem  : 0xc0000000 - 0xf7bfe000   ( 891 MB)
[    0.000000]       .init : 0xc1ba1000 - 0xc1c8c000   ( 940 kB)
[    0.000000]       .data : 0xc17c618b - 0xc1b9fb40   (3942 kB)
[    0.000000]       .text : 0xc1000000 - 0xc17c618b   (7960 kB)
[    0.000000] Checking if this processor honours the WP bit even in supervisor mode...Ok.
[    0.000000] SLUB: HWalign=64, Order=0-3, MinObjects=0, CPUs=2, Nodes=1
[    0.000000] Hierarchical RCU implementation.
[    0.000000] 	Build-time adjustment of leaf fanout to 32.
[    0.000000] 	RCU restricting CPUs from NR_CPUS=8 to nr_cpu_ids=2.
[    0.000000] RCU: Adjusting geometry for rcu_fanout_leaf=32, nr_cpu_ids=2
[    0.000000] NR_IRQS:2304 nr_irqs:440 16
[    0.000000] Console: colour VGA+ 80x25
[    0.000000] console [tty1] enabled
[    0.000000] console [ttyS0] enabled
[    0.000000] allocated 1048576 bytes of page_ext
[    0.000000] tsc: Detected 2593.994 MHz processor
[    1.455114] Calibrating delay loop (skipped) preset value.. 5187.98 BogoMIPS (lpj=10375976)
[    1.458297] pid_max: default: 32768 minimum: 301
[    1.459283] ACPI: Core revision 20150930
[    1.461691] ACPI: 2 ACPI AML tables successfully acquired and loaded
[    1.474068] Security Framework initialized
[    1.474909] Yama: becoming mindful.
[    1.475694] AppArmor: AppArmor initialized
[    1.476550] Mount-cache hash table entries: 2048 (order: 1, 8192 bytes)
[    1.478067] Mountpoint-cache hash table entries: 2048 (order: 1, 8192 bytes)
[    1.479484] Initializing cgroup subsys io
[    1.493862] Initializing cgroup subsys memory
[    1.512176] Initializing cgroup subsys devices
[    1.534005] Initializing cgroup subsys freezer
[    1.543102] Initializing cgroup subsys net_cls
[    1.545190] Initializing cgroup subsys perf_event
[    1.549466] Initializing cgroup subsys net_prio
[    1.550398] Initializing cgroup subsys hugetlb
[    1.551298] Initializing cgroup subsys pids
[    1.552271] CPU: Physical Processor ID: 0
[    1.553182] CPU: Processor Core ID: 0
[    1.557337] mce: CPU supports 0 MCE banks
[    1.580370] Last level iTLB entries: 4KB 1024, 2MB 1024, 4MB 1024
[    1.587374] Last level dTLB entries: 4KB 1024, 2MB 1024, 4MB 1024, 1GB 4
[    1.598364] Freeing SMP alternatives memory: 28K (c1c8c000 - c1c93000)
[    1.642808] ftrace: allocating 31411 entries in 62 pages
[    1.712757] smpboot: APIC(0) Converting physical 0 to logical package 0
[    1.732495] smpboot: Max logical packages: 1
[    1.733408] Enabling APIC mode:  Flat.  Using 1 I/O APICs
[    1.735610] ..TIMER: vector=0x30 apic1=0 pin1=2 apic2=-1 pin2=-1
[    1.862376] smpboot: CPU0: Intel(R) Core(TM) i7-4510U CPU @ 2.00GHz (family: 0x6, model: 0x45, stepping: 0x1)
[    1.881734] Performance Events: unsupported p6 CPU model 69 no PMU driver, software events only.
[    1.884065] KVM setup paravirtual spinlock
[    1.885702] x86: Booting SMP configuration:
[    1.891633] .... node  #0, CPUs:      #1
[1266874885.093925] Initializing CPU#1
[    1.908118] kvm-clock: cpu 1, msr 0:37bfd041, secondary cpu clock
[    1.910852] mce: CPU supports 0 MCE banks
[    1.913431] x86: Booted up 1 node, 2 CPUs
[    1.918044] smpboot: Total of 2 processors activated (10375.97 BogoMIPS)
[    1.920070] devtmpfs: initialized
[    1.927124] evm: security.selinux
[    1.927854] evm: security.SMACK64
[    1.928577] evm: security.SMACK64EXEC
[    1.929360] evm: security.SMACK64TRANSMUTE
[    1.934180] evm: security.SMACK64MMAP
[    1.939428] evm: security.ima
[    1.940014] evm: security.capability
[    1.940911] clocksource: jiffies: mask: 0xffffffff max_cycles: 0xffffffff, max_idle_ns: 7645041785100000 ns
[    2.000442] futex hash table entries: 512 (order: 3, 32768 bytes)
[    2.073000] pinctrl core: initialized pinctrl subsystem
[    2.115180] RTC time:  4:45:58, date: 06/28/17
[    2.119714] NET: Registered protocol family 16
[    2.131936] EISA bus registered
[    2.142579] cpuidle: using governor ladder
[    2.222501] cpuidle: using governor menu
[    2.229306] PCCT header not found.
[    2.231878] ACPI: bus type PCI registered
[    2.233023] acpiphp: ACPI Hot Plug PCI Controller Driver version: 0.5
[    2.234882] PCI : PCI BIOS area is rw and x. Use pci=nobios if you want it NX.
[    2.262688] PCI: PCI BIOS revision 2.10 entry at 0xfda26, last bus=0
[    2.292505] PCI: Using configuration type 1 for base access
[    2.319358] ACPI: Added _OSI(Module Device)
[    2.348881] ACPI: Added _OSI(Processor Device)
[    2.376435] ACPI: Added _OSI(3.0 _SCP Extensions)
[    2.377399] ACPI: Added _OSI(Processor Aggregator Device)
[    2.383591] ACPI: Executed 1 blocks of module-level executable AML code
[    2.402335] ACPI: Interpreter enabled
[    2.426252] ACPI: (supports S0 S5)
[    2.437773] ACPI: Using IOAPIC for interrupt routing
[    2.438954] PCI: Using host bridge windows from ACPI; if necessary, use "pci=nocrs" and report a bug
[    2.451190] ACPI: PCI Root Bridge [PCI0] (domain 0000 [bus 00-ff])
[    2.469740] acpi PNP0A03:00: _OSC: OS supports [ASPM ClockPM Segments MSI]
[    2.497795] acpi PNP0A03:00: _OSC failed (AE_NOT_FOUND); disabling ASPM
[    2.515087] acpi PNP0A03:00: fail to add MMCONFIG information, can't access extended PCI configuration space under this bridge.
[    2.537241] PCI host bridge to bus 0000:00
[    2.543410] pci_bus 0000:00: root bus resource [io  0x0000-0x0cf7 window]
[    2.551074] pci_bus 0000:00: root bus resource [io  0x0d00-0xffff window]
[    2.569060] pci_bus 0000:00: root bus resource [mem 0x000a0000-0x000bffff window]
[    2.574695] pci_bus 0000:00: root bus resource [mem 0x40000000-0xffdfffff window]
[    2.596246] pci_bus 0000:00: root bus resource [bus 00-ff]
[    2.608635] pci 0000:00:01.1: legacy IDE quirk: reg 0x10: [io  0x01f0-0x01f7]
[    2.614991] pci 0000:00:01.1: legacy IDE quirk: reg 0x14: [io  0x03f6]
[    2.620319] pci 0000:00:01.1: legacy IDE quirk: reg 0x18: [io  0x0170-0x0177]
[    2.625139] pci 0000:00:01.1: legacy IDE quirk: reg 0x1c: [io  0x0376]
[    2.649200] pci 0000:00:07.0: quirk: [io  0x4000-0x403f] claimed by PIIX4 ACPI
[    2.683807] pci 0000:00:07.0: quirk: [io  0x4100-0x410f] claimed by PIIX4 SMB
[    2.711595] ACPI: PCI Interrupt Link [LNKA] (IRQs 5 9 10 *11)
[    2.722737] ACPI: PCI Interrupt Link [LNKB] (IRQs 5 9 10 *11)
[    2.735223] ACPI: PCI Interrupt Link [LNKC] (IRQs 5 9 *10 11)
[    2.760047] ACPI: PCI Interrupt Link [LNKD] (IRQs 5 *9 10 11)
[    2.768172] ACPI: Enabled 2 GPEs in block 00 to 07
[    2.832026] vgaarb: setting as boot device: PCI:0000:00:02.0
[    2.876990] vgaarb: device added: PCI:0000:00:02.0,decodes=io+mem,owns=io+mem,locks=none
[    2.887952] vgaarb: loaded
[    2.911794] vgaarb: bridge control possible 0000:00:02.0
[    2.912885] SCSI subsystem initialized
[    2.926086] ACPI: bus type USB registered
[    2.940274] usbcore: registered new interface driver usbfs
[    2.946806] usbcore: registered new interface driver hub
[    2.953235] usbcore: registered new device driver usb
[    2.954846] PCI: Using ACPI for IRQ routing
[    2.959022] NetLabel: Initializing
[    2.968627] NetLabel:  domain hash size = 128
[    2.969733] NetLabel:  protocols = UNLABELED CIPSOv4
[    2.979853] NetLabel:  unlabeled traffic allowed by default
[    2.989179] amd_nb: Cannot enumerate AMD northbridges
[    2.995750] clocksource: Switched to clocksource kvm-clock
[    3.012653] AppArmor: AppArmor Filesystem Enabled
[    3.016291] pnp: PnP ACPI init
[    3.018308] pnp: PnP ACPI: found 3 devices
[    3.019375] PnPBIOS: Disabled by ACPI PNP
[    3.062673] clocksource: acpi_pm: mask: 0xffffff max_cycles: 0xffffff, max_idle_ns: 2085701024 ns
[    3.066316] NET: Registered protocol family 2
[    3.104416] TCP established hash table entries: 8192 (order: 3, 32768 bytes)
[    3.108970] TCP bind hash table entries: 8192 (order: 4, 65536 bytes)
[    3.114111] TCP: Hash tables configured (established 8192 bind 8192)
[    3.130521] UDP hash table entries: 512 (order: 2, 16384 bytes)
[    3.135707] UDP-Lite hash table entries: 512 (order: 2, 16384 bytes)
[    3.160879] NET: Registered protocol family 1
[    3.161782] pci 0000:00:00.0: Limiting direct PCI/PCI transfers
[    3.164484] pci 0000:00:01.0: Activating ISA DMA hang workarounds
[    3.166022] Unpacking initramfs...
[    5.432735] Freeing initrd memory: 10860K (f6aba000 - f7555000)
[    5.445225] RAPL PMU detected, API unit is 2^-32 Joules, 4 fixed counters 10737418240 ms ovfl timer
[    5.456824] hw unit of domain pp0-core 2^-0 Joules
[    5.458050] hw unit of domain package 2^-0 Joules
[    5.459147] hw unit of domain dram 2^-0 Joules
[    5.461436] hw unit of domain pp1-gpu 2^-0 Joules
[    5.470864] platform rtc_cmos: registered platform RTC device (no PNP device found)
[    5.488642] Scanning for low memory corruption every 60 seconds
[    5.492818] audit: initializing netlink subsys (disabled)
[    5.506258] audit: type=2000 audit(1498625165.547:1): initialized
[    5.507735] Initialise system trusted keyring
[    5.510061] HugeTLB registered 2 MB page size, pre-allocated 0 pages
[    5.519305] zbud: loaded
[    5.522432] VFS: Disk quotas dquot_6.6.0
[    5.525882] VFS: Dquot-cache hash table entries: 1024 (order 0, 4096 bytes)
[    5.537644] squashfs: version 4.0 (2009/01/31) Phillip Lougher
[    5.544213] fuse init (API version 7.23)
[    5.552792] Key type big_key registered
[    5.555294] Allocating IMA MOK and blacklist keyrings.
[    5.572621] Key type asymmetric registered
[    5.575823] Asymmetric key parser 'x509' registered
[    5.589054] bounce: pool size: 64 pages
[    5.589926] Block layer SCSI generic (bsg) driver version 0.4 loaded (major 249)
[    5.592079] io scheduler noop registered
[    5.607992] io scheduler deadline registered (default)
[    5.624867] io scheduler cfq registered
[    5.631658] pci_hotplug: PCI Hot Plug PCI Core version: 0.5
[    5.637480] pciehp: PCI Express Hot Plug Controller Driver version: 0.4
[    5.660362] ACPI: AC Adapter [AC] (on-line)
[    5.676566] input: Power Button as /devices/LNXSYSTM:00/LNXPWRBN:00/input/input0
[    5.694698] ACPI: Power Button [PWRF]
[    5.710073] input: Sleep Button as /devices/LNXSYSTM:00/LNXSLPBN:00/input/input1
[    5.724538] ACPI: Sleep Button [SLPF]
[    5.725995] GHES: HEST is not enabled!
[    5.726846] ACPI: Battery Slot [BAT0] (battery present)
[    5.754572] isapnp: Scanning for PnP cards...
[    5.765163] Serial: 8250/16550 driver, 32 ports, IRQ sharing enabled
[    5.839361] 00:02: ttyS0 at I/O 0x3f8 (irq = 4, base_baud = 115200) is a 16550A
[    5.845606] Linux agpgart interface v0.103
[    5.875611] loop: module loaded
[    5.902484] scsi host0: ata_piix
[    5.903482] scsi host1: ata_piix
[    5.904472] ata1: PATA max UDMA/33 cmd 0x1f0 ctl 0x3f6 bmdma 0xd000 irq 14
[    5.919239] ata2: PATA max UDMA/33 cmd 0x170 ctl 0x376 bmdma 0xd008 irq 15
[    5.924941] libphy: Fixed MDIO Bus: probed
[    5.925811] tun: Universal TUN/TAP device driver, 1.6
[    5.928273] tun: (C) 1999-2004 Max Krasnyansky <maxk@qualcomm.com>
[    5.930362] PPP generic driver version 2.4.2
[    5.944581] ehci_hcd: USB 2.0 'Enhanced' Host Controller (EHCI) Driver
[    5.981384] ehci-pci: EHCI PCI platform driver
[    5.987241] ehci-platform: EHCI generic platform driver
[    5.988472] ohci_hcd: USB 1.1 'Open' Host Controller (OHCI) Driver
[    5.989644] ohci-pci: OHCI PCI platform driver
[    5.990548] ohci-platform: OHCI generic platform driver
[    5.994930] uhci_hcd: USB Universal Host Controller Interface driver
[    5.996918] i8042: PNP: PS/2 Controller [PNP0303:PS2K,PNP0f03:PS2M] at 0x60,0x64 irq 1,12
[    6.004679] serio: i8042 KBD port at 0x60,0x64 irq 1
[    6.007250] serio: i8042 AUX port at 0x60,0x64 irq 12
[    6.014383] mousedev: PS/2 mouse device common for all mice
[    6.017876] input: AT Translated Set 2 keyboard as /devices/platform/i8042/serio0/input/input2
[    6.019892] rtc_cmos rtc_cmos: rtc core: registered rtc_cmos as rtc0
[    6.021264] rtc_cmos rtc_cmos: alarms up to one day, 114 bytes nvram
[    6.022443] i2c /dev entries driver
[    6.023332] device-mapper: uevent: version 1.0.3
[    6.024393] device-mapper: ioctl: 4.34.0-ioctl (2015-10-28) initialised: dm-devel@redhat.com
[    6.026463] platform eisa.0: Probing EISA bus 0
[    6.027625] platform eisa.0: EISA: Cannot allocate resource for mainboard
[    6.056125] platform eisa.0: Cannot allocate resource for EISA slot 1
[    6.057295] platform eisa.0: Cannot allocate resource for EISA slot 2
[    6.060626] platform eisa.0: Cannot allocate resource for EISA slot 3
[    6.097785] platform eisa.0: Cannot allocate resource for EISA slot 4
[    6.121399] platform eisa.0: Cannot allocate resource for EISA slot 5
[    6.122773] platform eisa.0: Cannot allocate resource for EISA slot 6
[    6.130109] platform eisa.0: Cannot allocate resource for EISA slot 7
[    6.147517] platform eisa.0: Cannot allocate resource for EISA slot 8
[    6.162951] isapnp: No Plug & Play device found
[    6.215543] platform eisa.0: EISA: Detected 0 cards
[    6.217970] cpufreq-nforce2: No nForce2 chipset.
[    6.219107] ledtrig-cpu: registered to indicate activity on CPUs
[    6.220866] NET: Registered protocol family 10
[    6.222219] NET: Registered protocol family 17
[    6.223269] Key type dns_resolver registered
[    6.224383] microcode: CPU0 sig=0x40651, pf=0x40, revision=0x0
[    6.229118] microcode: CPU1 sig=0x40651, pf=0x40, revision=0x0
[    6.248745] microcode: Microcode Update Driver: v2.01 <tigran@aivazian.fsnet.co.uk>, Peter Oruba
[    6.272626] Using IPI No-Shortcut mode
[    6.286441] registered taskstats version 1
[    6.292128] Loading compiled-in X.509 certificates
[    6.300502] Loaded X.509 cert 'Build time autogenerated kernel key: 17d8ac1cbe61d94e1ea31d5fbebe05b098023cef'
[    6.353234] zswap: loaded using pool lzo/zbud
[    6.375773] Key type trusted registered
[    6.396232] Key type encrypted registered
[    6.402964] AppArmor: AppArmor sha1 policy hashing enabled
[    6.410577] ima: No TPM chip found, activating TPM-bypass!
[    6.421542] evm: HMAC attrs: 0x1
[    6.430356]   Magic number: 5:761:768
[    6.448981] rtc_cmos rtc_cmos: setting system clock to 2017-06-28 04:46:03 UTC (1498625163)
[    6.473531] tsc: Refined TSC clocksource calibration: 2592.488 MHz
[    6.474671] clocksource: tsc: mask: 0xffffffffffffffff max_cycles: 0x255e83a6c37, max_idle_ns: 440795206263 ns
[    6.487119] BIOS EDD facility v0.16 2004-Jun-25, 0 devices found
[    6.512642] EDD information not available.
[    6.519037] Freeing unused kernel memory: 940K (c1ba1000 - c1c8c000)
[    6.552874] Write protecting the kernel text: 7964k
[    6.554060] Write protecting the kernel read-only data: 3168k
[    6.581138] NX-protecting the kernel data: 6372k
Loading, please wait...
starting version[    6.609911] random: systemd-udevd: uninitialized urandom read (16 bytes read, 0 bits of entropy available)
 229
[    6.610772] random: udevadm: uninitialized urandom read (16 bytes read, 0 bits of entropy available)
[    6.610826] random: udevadm: uninitialized urandom read (16 bytes read, 0 bits of entropy available)
[    6.611016] random: udevadm: uninitialized urandom read (16 bytes read, 0 bits of entropy available)
[    6.611114] random: udevadm: uninitialized urandom read (16 bytes read, 0 bits of entropy available)
[    6.611186] random: udevadm: uninitialized urandom read (16 bytes read, 0 bits of entropy available)
[    6.611262] random: udevadm: uninitialized urandom read (16 bytes read, 0 bits of entropy available)
[    6.611337] random: udevadm: uninitialized urandom read (16 bytes read, 0 bits of entropy available)
[    6.611407] random: udevadm: uninitialized urandom read (16 bytes read, 0 bits of entropy available)
[    6.611479] random: udevadm: uninitialized urandom read (16 bytes read, 0 bits of entropy available)
[    6.805633] e1000: Intel(R) PRO/1000 Network Driver - version 7.3.21-k8-NAPI
[    6.833936] e1000: Copyright (c) 1999-2006 Intel Corporation.
[    6.959944] Fusion MPT base driver 3.04.20
[    6.972198] Copyright (c) 1999-2008 LSI Corporation
[    7.035519] Fusion MPT SPI Host driver 3.04.20
[    7.085963] input: ImExPS/2 Generic Explorer Mouse as /devices/platform/i8042/serio1/input/input4
[    7.368535] e1000 0000:00:03.0 eth0: (PCI:33MHz:32-bit) 02:92:8d:36:b5:23
[    7.373120] e1000 0000:00:03.0 eth0: Intel(R) PRO/1000 Network Connection
[    7.375718] e1000 0000:00:03.0 enp0s3: renamed from eth0
[    7.389758] mptbase: ioc0: Initiating bringup
[    7.472547] ioc0: LSI53C1030 A0: Capabilities={Initiator}
[    7.638093] scsi host2: ioc0: LSI53C1030 A0, FwRev=00000000h, Ports=1, MaxQ=256, IRQ=20
[    7.804751] scsi 2:0:0:0: Direct-Access     VBOX     HARDDISK         1.0  PQ: 0 ANSI: 5
[    7.818721] scsi target2:0:0: Beginning Domain Validation
[    7.839006] scsi target2:0:0: Domain Validation skipping write tests
[    7.915470] scsi target2:0:0: Ending Domain Validation
[    7.955200] scsi target2:0:0: asynchronous
[    7.959240] scsi 2:0:1:0: Direct-Access     VBOX     HARDDISK         1.0  PQ: 0 ANSI: 5
[    7.982578] scsi target2:0:1: Beginning Domain Validation
[    7.990562] scsi target2:0:1: Domain Validation skipping write tests
[    8.027149] scsi target2:0:1: Ending Domain Validation
[    8.038030] scsi target2:0:1: asynchronous
[    8.060935] sd 2:0:0:0: Attached scsi generic sg0 type 0
[    8.060993] sd 2:0:0:0: [sda] 20971520 512-byte logical blocks: (10.7 GB/10.0 GiB)
[    8.061319] sd 2:0:0:0: [sda] Write Protect is off
[    8.061438] sd 2:0:0:0: [sda] Incomplete mode parameter data
[    8.061440] sd 2:0:0:0: [sda] Assuming drive cache: write through
[    8.098642]  sda: sda1
[    8.101927] sd 2:0:0:0: [sda] Attached SCSI disk
[    8.145325] sd 2:0:1:0: Attached scsi generic sg1 type 0
[    8.145594] sd 2:0:1:0: [sdb] 20480 512-byte logical blocks: (10.5 MB/10.0 MiB)
[    8.145812] sd 2:0:1:0: [sdb] Write Protect is off
[    8.145934] sd 2:0:1:0: [sdb] Incomplete mode parameter data
[    8.145936] sd 2:0:1:0: [sdb] Assuming drive cache: write through
[    8.191366] sd 2:0:1:0: [sdb] Attached SCSI disk
[    9.892396] floppy0: no floppy controllers found
Begin: Loading essential drivers ... [   11.441480] md: linear personality registered for level -1
[   11.474134] md: multipath personality registered for level -4
[   11.486735] md: raid0 personality registered for level 0
[   11.499485] md: raid1 personality registered for level 1
[   11.591971] raid6: mmxx1    gen()  1879 MB/s
[   11.663982] raid6: mmxx2    gen()  3537 MB/s
[   11.732098] raid6: sse1x1   gen()  2485 MB/s
[   11.807889] raid6: sse1x2   gen()  2880 MB/s
[   11.876369] raid6: sse2x1   gen()  3282 MB/s
[   11.943964] raid6: sse2x1   xor()  2799 MB/s
[   12.012106] raid6: sse2x2   gen()  5880 MB/s
[   12.091991] raid6: sse2x2   xor()  5113 MB/s
[   12.106283] raid6: using algorithm sse2x2 gen() 5880 MB/s
[   12.107314] raid6: .... xor() 5113 MB/s, rmw enabled
[   12.112145] raid6: using ssse3x1 recovery algorithm
[   12.121409] xor: automatically using best checksumming function:
[   12.175783]    avx       : 24239.000 MB/sec
[   12.189228] async_tx: api initialized (async)
[   12.235858] md: raid6 personality registered for level 6
[   12.237229] md: raid5 personality registered for level 5
[   12.240963] md: raid4 personality registered for level 4
[   12.254145] md: raid10 personality registered for level 10
done.
Begin: Running /scripts/init-premount ... done.
Begin: Mounting root file system ... Begin: Running /scripts/local-top ... done.
Begin: Running /scripts/local-premount ... [   12.314630] Btrfs loaded
Scanning for Btrfs filesystems
done.
Warning: fsck not present, so skipping root file system
[   12.522971] EXT4-fs (sda1): mounted filesystem with ordered data mode. Opts: (null)
done.
Begin: Running /scripts/local-bottom ... done.
Begin: Running /scripts/init-bottom ... done.
[   13.921563] random: nonblocking pool is initialized
[   19.581833] systemd[1]: systemd 229 running in system mode. (+PAM +AUDIT +SELINUX +IMA +APPARMOR +SMACK +SYSVINIT +UTMP +LIBCRYPTSETUP +GCRYPT +GNUTLS +ACL +XZ -LZ4 +SECCOMP +BLKID +ELFUTILS +KMOD -IDN)
[   19.665586] systemd[1]: Detected virtualization oracle.
[   19.670069] systemd[1]: Detected architecture x86.

Welcome to [1mUbuntu 16.04.2 LTS[0m!

[   19.784295] systemd[1]: Set hostname to <ubuntu>.
[   19.870627] systemd[1]: Initializing machine ID from random generator.
[   19.909306] systemd[1]: Installed transient /etc/machine-id file.
[   25.252352] systemd[1]: Created slice System Slice.
[[0;32m  OK  [0m] Created slice System Slice.
[   25.327805] systemd[1]: Listening on Journal Audit Socket.
[[0;32m  OK  [0m] Listening on Journal Audit Socket.
[   25.370169] systemd[1]: Listening on Journal Socket (/dev/log).
[[0;32m  OK  [0m] Listening on Journal Socket (/dev/log).
[   25.416838] systemd[1]: Reached target User and Group Name Lookups.
[[0;32m  OK  [0m] Reached target User and Group Name Lookups.
[   25.484713] systemd[1]: Reached target Swap.
[[0;32m  OK  [0m] Reached target Swap.
[   25.489173] systemd[1]: Started Forward Password Requests to Wall Directory Watch.
[[0;32m  OK  [0m] Started Forward Password Requests to Wall Directory Watch.
[   25.524276] systemd[1]: Listening on LVM2 metadata daemon socket.
[[0;32m  OK  [0m] Listening on LVM2 metadata daemon socket.
[   25.568351] systemd[1]: Started Trigger resolvconf update for networkd DNS.
[[0;32m  OK  [0m] Started Trigger resolvconf update for networkd DNS.
[   25.590453] systemd[1]: Listening on Device-mapper event daemon FIFOs.
[[0;32m  OK  [0m] Listening on Device-mapper event daemon FIFOs.
[   25.640993] systemd[1]: Listening on /dev/initctl Compatibility Named Pipe.
[[0;32m  OK  [0m] Listening on /dev/initctl Compatibility Named Pipe.
[   25.704804] systemd[1]: Created slice User and Session Slice.
[[0;32m  OK  [0m] Created slice User and Session Slice.
[   25.762003] systemd[1]: Reached target Slices.
[[0;32m  OK  [0m] Reached target Slices.
[   25.796650] systemd[1]: Listening on udev Kernel Socket.
[[0;32m  OK  [0m] Listening on udev Kernel Socket.
[   25.828766] systemd[1]: Set up automount Arbitrary Executable File Formats File System Automount Point.
[[0;32m  OK  [0m] Set up automount Arbitrary Executab...ats File System Automount Point.
[   25.881379] systemd[1]: Listening on LVM2 poll daemon socket.
[[0;32m  OK  [0m] Listening on LVM2 poll daemon socket.
[   25.917287] systemd[1]: Reached target Encrypted Volumes.
[[0;32m  OK  [0m] Reached target Encrypted Volumes.
[   25.966089] systemd[1]: Created slice system-serial\x2dgetty.slice.
[[0;32m  OK  [0m] Created slice system-serial\x2dgetty.slice.
[   25.983903] systemd[1]: Listening on udev Control Socket.
[[0;32m  OK  [0m] Listening on udev Control Socket.
[   26.015312] systemd[1]: Listening on Journal Socket.
[[0;32m  OK  [0m] Listening on Journal Socket.
[   26.048022] systemd[1]: Starting Set console keymap...
         Starting Set console keymap...
[   26.184518] systemd[1]: Starting Uncomplicated firewall...
         Starting Uncomplicated firewall...
[   26.258616] systemd[1]: Starting Nameserver information manager...
         Starting Nameserver information manager...
[   26.336375] systemd[1]: Starting Remount Root and Kernel File Systems...
         Starting Remount Root and Kernel File Systems...
[   26.448086] systemd[1]: Starting Load Kernel Modules...
         Starting Load Ke[   26.469829] EXT4-fs (sda1): re-mounted. Opts: (null)
rnel Modules...
[   26.531872] systemd[1]: Mounting POSIX Message Queue File System...
         Mounting POSIX Message Queue File System...
[   26.588001] systemd[1]: Mounting Debug File System...
         Mounting Debug File System...
[   26.635711] systemd[1]: Starting Create list of required static device nodes for the current kernel...
         Starting Create list of required st... nodes for the current kernel...
[   26.732090] systemd[1]: Starting Monitoring of LVM2 mirrors, snapshots etc. using dmeventd or progress polling...
         Starting Monitoring of LVM2 mirrors... dmeventd or progress polling...
[   26.821341] Loading iSCSI transport class v2.0-870.
[   26.852368] systemd[1]: Mounting Huge Pages File System...
         Mounting Huge Pages File System...
[   26.932306] systemd[1]: Listening on Syslog Socket.
[[0;32m  OK  [0m] Listening on Syslog Socket.
[   26.964858] systemd[1]: Starting Journal Service...
         Starting Journal Service...
[   26.993874] iscsi: registered transport (tcp)
[   27.015552] systemd[1]: Mounted Huge Pages File System.
[[0;32m  OK  [0m] Mounted Huge Pages File System.
[   27.066263] systemd[1]: Mounted Debug File System.
[[0;32m  OK  [0m] Mounted Debug File System.
[   27.092175] systemd[1]: Mounted POSIX Message Queue File System.
[[0;32m  OK  [0m] Mounted POSIX Message Queue File System.
[   27.107401] systemd[1]: Started Set console keymap.
[[0;32m  OK  [0m] Started Set console keymap.
[   27.121251] systemd[1]: Started Uncomplicated firewall.
[[0;32m  OK  [0m] Started Uncomplicated firewall.
[   27.141612] systemd[1]: Started Remount Root and Kernel File Systems.
[[0;32m  OK  [0m] Started Remount Root and Kernel File Systems.
[   27.155549] systemd[1]: Started Create list of required static device nodes for the current kernel.
[[0;32m  OK  [0m] Started Create list of required sta...ce nodes for the current kernel.
[   27.240494] systemd[1]: Started Nameserver information manager.
[[0;32m  OK  [0m] Started Nameserver information manager.
[   27.299876] systemd[1]: Starting Create Static Device Nodes in /dev...
         Starting Create Static Device Nodes in /dev...
[   27.318334] systemd[1]: Starting Load/Save Random Seed...
         Starting Load/Save Random Seed...
[   27.325887] systemd[1]: Starting Initial cloud-init job (pre-networking)...
         Starting Initial cloud-init job (pre-networking)...
[   27.740087] systemd[1]: Starting udev Coldplug all Devices...
         Starting udev Coldplug all Devices...
[   27.808389] systemd[1]: Started LVM2 metadata daemon.
[[0;32m  OK  [0m] Started LVM2 metadata daemon.
[   27.957333] systemd[1]: Started Load/Save Random Seed.
[[0;32m  OK  [0m] Started Load/Save Random Seed.
[   28.289927] iscsi: registered transport (iser)
[   28.331019] systemd[1]: Started Load Kernel Modules.
[[0;32m  OK  [0m] Started Load Kernel Modules.
[   28.349496] systemd[1]: Started Journal Service.
[[0;32m  OK  [0m] Started Journal Service.
         Starting Flush Journal to Persistent Storage...
         Starting Apply Kernel Variables...
         Mounting FUSE Control File System...
[[0;32m  OK  [0m] Mounted FUSE Control File System.
[[0;32m  OK  [0m] Started udev Coldplug all Devices.
[[0;32m  OK  [0m] Started Monitoring of LVM2 mirrors,...ng dmeventd or progress polling.
[   28.723411] systemd-journald[406]: Received request to flush runtime journal from PID 1
[[0;32m  OK  [0m] Started Flush Journal to Persistent Storage.
[[0;32m  OK  [0m] Started Apply Kernel Variables.
[[0;32m  OK  [0m] Started Create Static Device Nodes in /dev.
         Starting udev Kernel Device Manager...
[[0;32m  OK  [0m] Started udev Kernel Device Manager.
[[0;32m  OK  [0m] Started Dispatch Password Requests to Console Directory Watch.
[[0;32m  OK  [0m] Reached target Local File Systems (Pre).
[[0;32m  OK  [0m] Reached target Local File Systems.
         Starting Tell Plymouth To Write Out Runtime Data...
         Starting Create Volatile Files and Directories...
         Starting Commit a transient machine-id on disk...
         Starting LSB: AppArmor initialization...
         Starting Set console font and keymap...
[[0;32m  OK  [0m] Started Tell Plymouth To Write Out Runtime Data.
[[0;32m  OK  [0m] Found device /dev/ttyS0.
[[0;32m  OK  [0m] Started Commit a transient machine-id on disk.
[[0;32m  OK  [0m] Started Create Volatile Files and Directories.
[[0;32m  OK  [0m] Reached target System Time Synchronized.
         Starting Update UTMP about System Boot/Shutdown...
[[0;32m  OK  [0m] Started Update UTMP about System Boot/Shutdown.
[[0;32m  OK  [0m] Listening on Load/Save RF Kill Switch Status /dev/rfkill Watch.
[[0;32m  OK  [0m] Started LSB: AppArmor initialization.
[[0;32m  OK  [0m] Started Set console font and keymap.
[[0;32m  OK  [0m] Created slice system-getty.slice.
[   43.811384] cloud-init[423]: Cloud-init v. 0.7.9 running 'init-local' at Wed, 28 Jun 2017 04:46:41 +0000. Up 42.05 seconds.
[[0;32m  OK  [0m] Started Initial cloud-init job (pre-networking).
[[0;32m  OK  [0m] Reached target Network (Pre).
         Starting Raise network interfaces...
[[0;32m  OK  [0m] Started Raise network interfaces.
[[0;32m  OK  [0m] Reached target Network.
         Starting Initial cloud-init job (metadata service crawler)...
[   49.998429] cloud-init[930]: Cloud-init v. 0.7.9 running 'init' at Wed, 28 Jun 2017 04:46:44 +0000. Up 45.24 seconds.
[   50.007306] cloud-init[930]: ci-info: +++++++++++++++++++++++++++++++++++++Net device info++++++++++++++++++++++++++++++++++++++
[   50.055696] cloud-init[930]: ci-info: +--------+------+----------------------------+---------------+-------+-------------------+
[   50.089451] cloud-init[930]: ci-info: | Device |  Up  |          Address           |      Mask     | Scope |     Hw-Address    |
[   50.108487] [cloud-init[0;32m  OK  [0m[930]: ] ci-info: +--------+------+----------------------------+---------------+-------+-------------------+Started Initial cloud-init job (metadata service crawler).

[   50.109038] cloud-init[930]: ci-info: |   lo   | True |         127.0.0.1          |   255.0.0.0   |   .   |         .         |
[   50.166562] cloud-init[930]: ci-info: |   lo   | True |          ::1/128           |       .       |  host |         .         |
[[0;32m  OK  [0m] Reached target Network is Online.
[   50.174370] cloud-init[930]: ci-info: | enp0s3 | True |         10.0.2.15          | 255.255.255.0 |   .   | 02:92:8d:36:b5:23 |
[   50.210806]          Starting iSCSI initiator daemon (iscsid)...
[[0;32m  OK  [0m] Reached target System Initialization.
[[0;32m  OK  [0m] Started Daily Cleanup of Temporary Directories.
[[0;32m  OK  [0m] Started Daily apt activities.
cloud-init[930]: ci-info: | enp0s3 | True | fe80::92:8dff:fe36:b523/64 |       .       |  link | 02:92:8d:36:b5:23 |
[   50.229714] cloud-init[930]: ci-info: +--------+------+----------------------------+---------------+-------+-------------------+
[   50.240528] cloud-init[930]: ci-info: +++++++++++++++++++++++++++Route IPv4 info++++++++++++++++++++++++++++
[   50.253522] cloud-init[930]: ci-info: +-------+-------------+----------+---------------+-----------+-------+
[   50.262944] cloud-init[930]: ci-info: | Route | Destination | Gateway  |    Genmask    | Interface | Flags |
[   50.266085] cloud-init[930]: ci-info: +-------+-------------+----------+---------------+-----------+-------+
[   50.274130] [cloud-init[0;32m  OK  [0m[930]: ] ci-info: |   0   |   0.0.0.0   | 10.0.2.2 |    0.0.0.0    |   enp0s3  |   UG  |Started ACPI Events Check.

[   50.274711] [cloud-init[0;32m  OK  [0m[930]: ] ci-info: |   1   |   10.0.2.0  | 0.0.0.0  | 255.255.255.0 |   enp0s3  |   U   |Reached target Paths.

[   50.281308] cloud-init[930]: ci-info: +-------+-------------+----------+---------------+-----------+-------+
[   50.332055] cloud-init[930]: Generating public/private rsa key pair.
[   50.341526] cloud-init[930]: Your identification has been saved in /etc/ssh/ssh_host_rsa_key.
[   50.345354] cloud-init[930]: Your public key has been saved in /etc/ssh/ssh_host_rsa_key.pub.
[   50.353228]          cloud-initStarting LXD - unix socket.[930]: 
The key fingerprint is:
[   50.373118] [cloud-init[0;32m  OK  [0m[930]: ] SHA256:3tzes48760ltwKJeL0HQvcU/Fl64jOvXHlVy6l8lb0U root@ubuntu-xenialListening on D-Bus System Message Bus Socket.

[   50.373627] [cloud-init[0;32m  OK  [0m[930]: ] The key's randomart image is:Listening on ACPID Listen Socket.

[   50.428975] [cloud-init[0;32m  OK  [0m[930]: ] +---[RSA 2048]----+Started Timer to automatically refresh installed snaps.

[   50.429497] [cloud-init[0;32m  OK  [0m[930]: ] |           . . o |Reached target Timers.

[   50.458527]          cloud-initStarting Socket activation for snappy daemon.[930]: 
|          . . o.+|
[   50.465757] [[0;32m  OK  [0m] Listening on UUID daemon activation socket.
[[0;32m  OK  [0m] Reached target Cloud-config availability.
cloud-init[930]: |           . oo+E|
[   50.474445] cloud-init[930]: |            o.+Oo|
[   50.479760] cloud-init[930]: |        S  ...* =|
[   50.510280] [cloud-init[0;32m  OK  [0m[930]: ] |       . o ooo =+|Listening on LXD - unix socket.

[   50.510767] [cloud-init[0;32m  OK  [0m[930]: ] |        . +.o.oo*|Listening on Socket activation for snappy daemon.

[   50.543498] [cloud-init[0;32m  OK  [0m[930]: ] |         . oo++*+|Reached target Sockets.

[   50.543950] [cloud-init[0;32m  OK  [0m[930]: ] |          . .+XO+|Reached target Basic System.

[   50.565469] cloud-init[930]: +----[SHA256]-----+
[   50.597477] [cloud-init[0;32m  OK  [0m[930]: ] Generating public/private dsa key pair.Started Deferred execution scheduler.

[   50.597966] cloud-init[930]: Your identification has been saved in /etc/ssh/ssh_host_dsa_key.
[   50.624253] cloud-init[930]: Your public key has been saved in /etc/ssh/ssh_host_dsa_key.pub.
[   50.637265] cloud-init[930]: The key fingerprint is:
[   50.653371] cloud-init[930]: SHA256:lCjrHF7/AMJKkTbHbM9VyvC5/59NWylxqe9/bE2iIpU root@ubuntu-xenial
[   50.657293] cloud-init[930]: The key's randomart image is:
         Starting Pollinate to seed the pseudo random number generator...
[   50.722762] cloud-init[930]: +---[DSA 1024]----+
[   50.756427] cloud-init[930]: |      .   .      |
[   50.770390] cloud-init[930]: |   +   = =       |
[[0;32m  OK  [0m] Started D-Bus System Message Bus.
[   50.800280] cloud-init[930]: |  = * . O        |
[   50.848392] cloud-init[930]: | . * = o .      .|
[   50.862890] cloud-init[930]: |  . = = S  . . o |
[   50.876416] cloud-init[930]: | . = + o .E   = o|
[   50.922842] cloud-init[930]: |  . +   o..  + =+|
[   50.937293] cloud-init[930]: |        .o... o+B|
[   50.954121] cloud-init[930]: |         .....+==|
[   50.970180] cloud-init[930]: +----[SHA256]-----+
[   50.982138] cloud-init[930]: Generating public/private ecdsa key pair.
[   51.002300] cloud-init[930]: Your identification has been saved in /etc/ssh/ssh_host_ecdsa_key.
[   51.013440] cloud-init[930]: Your public key has been saved in /etc/ssh/ssh_host_ecdsa_key.pub.
[   51.015243] cloud-init[930]: The key fingerprint is:
[   51.032598] cloud-init[930]: SHA256:zYJuJHKlyyRMcBncPkET7R+z5l289kOEQ79XQW3/QTw root@ubuntu-xenial
[   51.042352] cloud-init[930]: The key's randomart image is:
[   51.064491] cloud-init[930]: +---[ECDSA 256]---+
[   51.076662] cloud-init[930]: |..o=+o        o..|
[   51.082665] cloud-init[930]: | oo o..     .  Eo|
[   51.108711] cloud-init[930]: |  .. o.    . o..+|
[   51.124684] cloud-init[930]: | o  oo..oo  o o.o|
[   51.129562] cloud-init[930]: |  + =.o.S+o. o .+|
[   51.144613] cloud-init[930]: |   * =  +.  o o o|
[   51.149652] cloud-init[930]: |    o oo . . o . |
[   51.159604] cloud-init[930]: |     .  . . o .  |
[   51.165799] cloud-init[930]: |           . ... |
[   51.176523] cloud-init[930]: +----[SHA256]-----+
[   51.188362] cloud-init[930]: Generating public/private ed25519 key pair.
[   51.195893] cloud-init[930]: Your identification has been saved in /etc/ssh/ssh_host_ed25519_key.
[   51.209980] cloud-init[930]: Your public key has been saved in /etc/ssh/ssh_host_ed25519_key.pub.
[   51.232780] cloud-init[930]: The key fingerprint is:
[   51.248689] cloud-init[930]: SHA256:6gPEte/u5XgBu6DRyNR57MzES72jrYBaKZ5hi4gpKOE root@ubuntu-xenial
[   51.269553] cloud-init[930]: The key's randomart image is:
[   51.285683] cloud-init[930]: +--[ED25519 256]--+
[   51.299047] cloud-init[930]: |                 |
[   51.310254] cloud-init[930]: |      .          |
[   51.314328] cloud-init[930]: |   . o = .       |
[   51.337181] cloud-init[930]: |    + + B .      |
[   51.347661] cloud-init[930]: |   + o OS+ .     |
[   51.353438] cloud-init[930]: |.   =oo.B +      |
[   51.357710] cloud-init[930]: |o.+ ++oo +.o     |
[   51.359459] cloud-init[930]: |*E B....++o      |
[   51.376865] cloud-init[930]: |B =   .+=o.      |
[   51.392838] cloud-init[930]: +----[SHA256]-----+
[[0;32m  OK  [0m] Started Snappy daemon.
         Starting Login Service...
         Starting /etc/rc.local Compatibility...
         Starting System Logging Service...
         Starting LSB: Record successful boot for GRUB...
         Starting Accounts Service...
         Starting LSB: MD monitoring daemon...
         Starting Apply the settings specified in cloud-config...
[[0;32m  OK  [0m] Started ACPI event daemon.
[[0;32m  OK  [0m] Started Unattended Upgrades Shutdown.
[[0;32m  OK  [0m] Started Regular background program processing daemon.
[[0;32m  OK  [0m] Started FUSE filesystem for LXC.
         Starting LXD - container startup/shutdown...
         Starting Auto import assertions from block devices...
[[0;32m  OK  [0m] Started iSCSI initiator daemon (iscsid).
[[0;32m  OK  [0m] Started /etc/rc.local Compatibility.
[[0;32m  OK  [0m] Started Auto import assertions from block devices.
[[0;32m  OK  [0m] Started Login Service.
         Starting Login to default iSCSI targets...
[[0;32m  OK  [0m] Started LSB: Record successful boot for GRUB.
[[0;32m  OK  [0m] Started LSB: MD monitoring daemon.
[[0;32m  OK  [0m] Started Login to default iSCSI targets.
[[0;32m  OK  [0m] Reached target Remote File Systems (Pre).
[[0;32m  OK  [0m] Reached target Remote File Systems.
         Starting LSB: automatic crash report generation...
         Starting LSB: daemon to balance interrupts for SMP systems...
         Starting LSB: Set the CPU Frequency Scaling governor to "ondemand"...
         Starting LSB: VirtualBox Linux Additions...
         Starting Permit User Sessions...
[[0;32m  OK  [0m] Started LSB: Set the CPU Frequency Scaling governor to "ondemand".
[[0;32m  OK  [0m] Started Permit User Sessions.
         Starting Hold until boot process finishes up...
         Starting Terminate Plymouth Boot Screen...
[[0;32m  OK  [0m] Started Hold until boot process finishes up.
[[0;32m  OK  [0m] Started Terminate Plymouth Boot Screen.
         Starting Set console scheme...
[[0;32m  OK  [0m] Started Serial Getty on ttyS0.
[[0;32m  OK  [0m] Started Getty on tty1.
[[0;32m  OK  [0m] Reached target Login Prompts.
[[0;32m  OK  [0m] Started Set console scheme.
[[0;32m  OK  [0m] Started LSB: automatic crash report generation.
[   57.361342] cloud-init[1085]: Generating locales (this might take a while)...
[[0;32m  OK  [0m] Started LSB: daemon to balance interrupts for SMP systems.
[[0;32m  OK  [0m] Started System Logging Service.
[[0;32m  OK  [0m] Started LSB: VirtualBox Linux Additions.
         Starting Authenticate and Authorize Users to Run Privileged Tasks...
[[0;32m  OK  [0m] Started Authenticate and Authorize Users to Run Privileged Tasks.
[[0;32m  OK  [0m] Started Accounts Service.

Ubuntu 16.04.2 LTS ubuntu-xenial ttyS0

ubuntu-xenial login: [   63.280827] cloud-init[1085]:   en_US.UTF-8... done
[   63.281568] cloud-init[1085]: Generation complete.
[   66.730582] cloud-init[1085]: Cloud-init v. 0.7.9 running 'modules:config' at Wed, 28 Jun 2017 04:46:52 +0000. Up 52.98 seconds.
ci-info: no authorized ssh keys fingerprints found for user ubuntu.
<14>Jun 28 04:47:07 ec2: 
<14>Jun 28 04:47:07 ec2: #############################################################
<14>Jun 28 04:47:07 ec2: -----BEGIN SSH HOST KEY FINGERPRINTS-----
<14>Jun 28 04:47:07 ec2: 1024 SHA256:lCjrHF7/AMJKkTbHbM9VyvC5/59NWylxqe9/bE2iIpU root@ubuntu-xenial (DSA)
<14>Jun 28 04:47:07 ec2: 256 SHA256:zYJuJHKlyyRMcBncPkET7R+z5l289kOEQ79XQW3/QTw root@ubuntu-xenial (ECDSA)
<14>Jun 28 04:47:07 ec2: 256 SHA256:6gPEte/u5XgBu6DRyNR57MzES72jrYBaKZ5hi4gpKOE root@ubuntu-xenial (ED25519)
<14>Jun 28 04:47:07 ec2: 2048 SHA256:3tzes48760ltwKJeL0HQvcU/Fl64jOvXHlVy6l8lb0U root@ubuntu-xenial (RSA)
<14>Jun 28 04:47:07 ec2: -----END SSH HOST KEY FINGERPRINTS-----
<14>Jun 28 04:47:07 ec2: #############################################################
-----BEGIN SSH HOST KEY KEYS-----
ecdsa-sha2-nistp256 AAAAE2VjZHNhLXNoYTItbmlzdHAyNTYAAAAIbmlzdHAyNTYAAABBBAT+Fbz5OR8tEKbZUeMKgvbXX8MWRvgmDpUvV4NyMbkYbvZAfU/eHw6hUyraqIF2DdH3t5kznD0bS8RbDlkWU8I= root@ubuntu-xenial
ssh-ed25519 AAAAC3NzaC1lZDI1NTE5AAAAID3vf9QPSqauK2d9cjoCjmaKBDlZEJD0s7R71z53AnwI root@ubuntu-xenial
ssh-rsa AAAAB3NzaC1yc2EAAAADAQABAAABAQDesXKwemNOIwy8GuFH4enR2kEdO17HWZJ/lt3UF9fYk1Plc0brgf3yME2QSfi1zvd0aTvom4+hE0gsr3trjWry9wiV2CSKsryQp+76E4ihWntHxr+pJY0CPmuH1SsUu4RU1O8oU5Z7CRvDoNHmg3FrVGuXQZewXg5980tZjhQr0z6slkmaoTkhk7hbxCJITlpmRmN8J++W+w9md/vhaAg9jb6DAOXmB8LTLPE2UuMFe7Q65Jz5MQUk56RbSuTD5Tia2qcjGZhJ/15+6Yd4MCgV9/J6dKkbGP0z9FeM95rdVkNj4PoMJZmduadjjCQV4ws4turVF/z6abaDIjr3j+jp root@ubuntu-xenial
-----END SSH HOST KEY KEYS-----
[   67.954088] cloud-init[1303]: Cloud-init v. 0.7.9 running 'modules:final' at Wed, 28 Jun 2017 04:47:07 +0000. Up 67.54 seconds.
[   67.954479] cloud-init[1303]: ci-info: no authorized ssh keys fingerprints found for user ubuntu.
[   67.954710] cloud-init[1303]: Cloud-init v. 0.7.9 finished at Wed, 28 Jun 2017 04:47:07 +0000. Datasource DataSourceNoCloud [seed=/dev/sdb][dsmode=net].  Up 67.91 seconds
